<?xml version="1.0" encoding="UTF-8"?>
<coverage generated="1660192676300" clover="3.2.0">
  <project timestamp="1660192676301" name="All files">
    <metrics statements="78" coveredstatements="68" conditionals="43" coveredconditionals="33" methods="33" coveredmethods="29" elements="154" coveredelements="130" complexity="0" loc="78" ncloc="78" packages="1" files="6" classes="6"/>
    <file name="Bassist.js" path="/Users/yulia/Desktop/MusoTestSoft/MusoSoftware/MusoTest/Test_MusoPlan/Bassist.js">
      <metrics statements="7" coveredstatements="6" conditionals="2" coveredconditionals="1" methods="4" coveredmethods="3"/>
      <line num="1" count="1" type="stmt"/>
      <line num="5" count="1" type="stmt"/>
      <line num="8" count="1" type="cond" truecount="1" falsecount="1"/>
      <line num="9" count="1" type="stmt"/>
      <line num="13" count="0" type="stmt"/>
      <line num="16" count="1" type="stmt"/>
      <line num="21" count="1" type="stmt"/>
    </file>
    <file name="Flautist.js" path="/Users/yulia/Desktop/MusoTestSoft/MusoSoftware/MusoTest/Test_MusoPlan/Flautist.js">
      <metrics statements="7" coveredstatements="6" conditionals="2" coveredconditionals="1" methods="4" coveredmethods="3"/>
      <line num="1" count="1" type="stmt"/>
      <line num="4" count="1" type="stmt"/>
      <line num="7" count="1" type="cond" truecount="1" falsecount="1"/>
      <line num="8" count="1" type="stmt"/>
      <line num="12" count="0" type="stmt"/>
      <line num="16" count="1" type="stmt"/>
      <line num="20" count="1" type="stmt"/>
    </file>
    <file name="Guitarist.js" path="/Users/yulia/Desktop/MusoTestSoft/MusoSoftware/MusoTest/Test_MusoPlan/Guitarist.js">
      <metrics statements="7" coveredstatements="6" conditionals="2" coveredconditionals="1" methods="4" coveredmethods="3"/>
      <line num="1" count="1" type="stmt"/>
      <line num="5" count="1" type="stmt"/>
      <line num="9" count="1" type="cond" truecount="1" falsecount="1"/>
      <line num="10" count="1" type="stmt"/>
      <line num="15" count="0" type="stmt"/>
      <line num="19" count="1" type="stmt"/>
      <line num="25" count="1" type="stmt"/>
    </file>
    <file name="Musician.js" path="/Users/yulia/Desktop/MusoTestSoft/MusoSoftware/MusoTest/Test_MusoPlan/Musician.js">
      <metrics statements="30" coveredstatements="24" conditionals="22" coveredconditionals="16" methods="9" coveredmethods="9"/>
      <line num="2" count="6" type="stmt"/>
      <line num="3" count="6" type="stmt"/>
      <line num="10" count="11" type="cond" truecount="4" falsecount="0"/>
      <line num="12" count="9" type="stmt"/>
      <line num="16" count="2" type="stmt"/>
      <line num="20" count="3" type="stmt"/>
      <line num="24" count="4" type="cond" truecount="2" falsecount="0"/>
      <line num="26" count="2" type="stmt"/>
      <line num="30" count="2" type="stmt"/>
      <line num="35" count="2" type="stmt"/>
      <line num="39" count="4" type="cond" truecount="2" falsecount="0"/>
      <line num="41" count="3" type="stmt"/>
      <line num="46" count="1" type="stmt"/>
      <line num="52" count="3" type="stmt"/>
      <line num="57" count="7" type="cond" truecount="6" falsecount="0"/>
      <line num="59" count="5" type="stmt"/>
      <line num="63" count="2" type="stmt"/>
      <line num="69" count="6" type="stmt"/>
      <line num="74" count="1" type="stmt"/>
      <line num="75" count="1" type="stmt"/>
      <line num="77" count="1" type="cond" truecount="1" falsecount="1"/>
      <line num="79" count="0" type="stmt"/>
      <line num="81" count="1" type="cond" truecount="1" falsecount="1"/>
      <line num="83" count="1" type="stmt"/>
      <line num="85" count="0" type="cond" truecount="0" falsecount="2"/>
      <line num="87" count="0" type="stmt"/>
      <line num="89" count="0" type="cond" truecount="0" falsecount="2"/>
      <line num="91" count="0" type="stmt"/>
      <line num="95" count="0" type="stmt"/>
      <line num="104" count="6" type="stmt"/>
    </file>
    <file name="Percussionist.js" path="/Users/yulia/Desktop/MusoTestSoft/MusoSoftware/MusoTest/Test_MusoPlan/Percussionist.js">
      <metrics statements="7" coveredstatements="6" conditionals="2" coveredconditionals="1" methods="4" coveredmethods="3"/>
      <line num="1" count="1" type="stmt"/>
      <line num="5" count="1" type="stmt"/>
      <line num="9" count="1" type="cond" truecount="1" falsecount="1"/>
      <line num="10" count="1" type="stmt"/>
      <line num="14" count="0" type="stmt"/>
      <line num="17" count="1" type="stmt"/>
      <line num="21" count="1" type="stmt"/>
    </file>
    <file name="Troupe.js" path="/Users/yulia/Desktop/MusoTestSoft/MusoSoftware/MusoTest/Test_MusoPlan/Troupe.js">
      <metrics statements="20" coveredstatements="20" conditionals="13" coveredconditionals="13" methods="8" coveredmethods="8"/>
      <line num="1" count="1" type="stmt"/>
      <line num="5" count="15" type="stmt"/>
      <line num="9" count="8" type="cond" truecount="4" falsecount="0"/>
      <line num="11" count="6" type="stmt"/>
      <line num="15" count="2" type="stmt"/>
      <line num="20" count="1" type="stmt"/>
      <line num="25" count="3" type="cond" truecount="5" falsecount="0"/>
      <line num="27" count="2" type="stmt"/>
      <line num="31" count="1" type="stmt"/>
      <line num="36" count="1" type="stmt"/>
      <line num="40" count="6" type="cond" truecount="4" falsecount="0"/>
      <line num="42" count="4" type="stmt"/>
      <line num="46" count="2" type="stmt"/>
      <line num="51" count="3" type="stmt"/>
      <line num="58" count="6" type="stmt"/>
      <line num="64" count="1" type="stmt"/>
      <line num="66" count="1" type="stmt"/>
      <line num="67" count="1" type="stmt"/>
      <line num="69" count="1" type="stmt"/>
      <line num="77" count="1" type="stmt"/>
    </file>
  </project>
</coverage>
