{"/Users/yulia/Desktop/MusoTestSoft/MusoSoftware/MusoTest/Test_MusoPlan/Bassist.js": {"path":"/Users/yulia/Desktop/MusoTestSoft/MusoSoftware/MusoTest/Test_MusoPlan/Bassist.js","statementMap":{"0":{"start":{"line":1,"column":17},"end":{"line":1,"column":41}},"1":{"start":{"line":5,"column":8},"end":{"line":5,"column":37}},"2":{"start":{"line":8,"column":8},"end":{"line":10,"column":9}},"3":{"start":{"line":9,"column":12},"end":{"line":9,"column":41}},"4":{"start":{"line":13,"column":4},"end":{"line":13,"column":27}},"5":{"start":{"line":16,"column":8},"end":{"line":16,"column":73}},"6":{"start":{"line":21,"column":0},"end":{"line":21,"column":25}}},"fnMap":{"0":{"name":"(anonymous_0)","decl":{"start":{"line":4,"column":4},"end":{"line":4,"column":5}},"loc":{"start":{"line":4,"column":41},"end":{"line":6,"column":5}},"line":4},"1":{"name":"(anonymous_1)","decl":{"start":{"line":7,"column":4},"end":{"line":7,"column":5}},"loc":{"start":{"line":7,"column":28},"end":{"line":11,"column":5}},"line":7},"2":{"name":"(anonymous_2)","decl":{"start":{"line":12,"column":4},"end":{"line":12,"column":5}},"loc":{"start":{"line":12,"column":17},"end":{"line":14,"column":5}},"line":12},"3":{"name":"(anonymous_3)","decl":{"start":{"line":15,"column":4},"end":{"line":15,"column":5}},"loc":{"start":{"line":15,"column":20},"end":{"line":17,"column":5}},"line":15}},"branchMap":{"0":{"loc":{"start":{"line":8,"column":8},"end":{"line":10,"column":9}},"type":"if","locations":[{"start":{"line":8,"column":8},"end":{"line":10,"column":9}},{"start":{},"end":{}}],"line":8}},"s":{"0":1,"1":1,"2":1,"3":1,"4":0,"5":1,"6":1},"f":{"0":1,"1":1,"2":0,"3":1},"b":{"0":[1,0]},"_coverageSchema":"1a1c01bbd47fc00a2c39e90264f33305004495a9","hash":"4cc864afbf0302df28893a4c11d7219b3b55fe60"}
,"/Users/yulia/Desktop/MusoTestSoft/MusoSoftware/MusoTest/Test_MusoPlan/Flautist.js": {"path":"/Users/yulia/Desktop/MusoTestSoft/MusoSoftware/MusoTest/Test_MusoPlan/Flautist.js","statementMap":{"0":{"start":{"line":1,"column":17},"end":{"line":1,"column":41}},"1":{"start":{"line":4,"column":8},"end":{"line":4,"column":37}},"2":{"start":{"line":7,"column":8},"end":{"line":9,"column":9}},"3":{"start":{"line":8,"column":12},"end":{"line":8,"column":41}},"4":{"start":{"line":12,"column":4},"end":{"line":12,"column":27}},"5":{"start":{"line":16,"column":8},"end":{"line":16,"column":88}},"6":{"start":{"line":20,"column":0},"end":{"line":20,"column":26}}},"fnMap":{"0":{"name":"(anonymous_0)","decl":{"start":{"line":3,"column":4},"end":{"line":3,"column":5}},"loc":{"start":{"line":3,"column":41},"end":{"line":5,"column":5}},"line":3},"1":{"name":"(anonymous_1)","decl":{"start":{"line":6,"column":4},"end":{"line":6,"column":5}},"loc":{"start":{"line":6,"column":29},"end":{"line":10,"column":5}},"line":6},"2":{"name":"(anonymous_2)","decl":{"start":{"line":11,"column":4},"end":{"line":11,"column":5}},"loc":{"start":{"line":11,"column":18},"end":{"line":13,"column":5}},"line":11},"3":{"name":"(anonymous_3)","decl":{"start":{"line":15,"column":4},"end":{"line":15,"column":5}},"loc":{"start":{"line":15,"column":20},"end":{"line":17,"column":5}},"line":15}},"branchMap":{"0":{"loc":{"start":{"line":7,"column":8},"end":{"line":9,"column":9}},"type":"if","locations":[{"start":{"line":7,"column":8},"end":{"line":9,"column":9}},{"start":{},"end":{}}],"line":7}},"s":{"0":1,"1":1,"2":1,"3":1,"4":0,"5":1,"6":1},"f":{"0":1,"1":1,"2":0,"3":1},"b":{"0":[1,0]},"_coverageSchema":"1a1c01bbd47fc00a2c39e90264f33305004495a9","hash":"6330b535c56ed7ce5f5fdc73c90c9495d29ee5a1"}
,"/Users/yulia/Desktop/MusoTestSoft/MusoSoftware/MusoTest/Test_MusoPlan/Guitarist.js": {"path":"/Users/yulia/Desktop/MusoTestSoft/MusoSoftware/MusoTest/Test_MusoPlan/Guitarist.js","statementMap":{"0":{"start":{"line":1,"column":17},"end":{"line":1,"column":41}},"1":{"start":{"line":5,"column":8},"end":{"line":5,"column":37}},"2":{"start":{"line":9,"column":8},"end":{"line":11,"column":9}},"3":{"start":{"line":10,"column":12},"end":{"line":10,"column":41}},"4":{"start":{"line":15,"column":8},"end":{"line":15,"column":32}},"5":{"start":{"line":19,"column":8},"end":{"line":19,"column":96}},"6":{"start":{"line":25,"column":3},"end":{"line":25,"column":30}}},"fnMap":{"0":{"name":"(anonymous_0)","decl":{"start":{"line":4,"column":4},"end":{"line":4,"column":5}},"loc":{"start":{"line":4,"column":41},"end":{"line":6,"column":5}},"line":4},"1":{"name":"(anonymous_1)","decl":{"start":{"line":8,"column":4},"end":{"line":8,"column":5}},"loc":{"start":{"line":8,"column":30},"end":{"line":12,"column":5}},"line":8},"2":{"name":"(anonymous_2)","decl":{"start":{"line":13,"column":4},"end":{"line":13,"column":5}},"loc":{"start":{"line":14,"column":4},"end":{"line":16,"column":5}},"line":14},"3":{"name":"(anonymous_3)","decl":{"start":{"line":18,"column":4},"end":{"line":18,"column":5}},"loc":{"start":{"line":18,"column":20},"end":{"line":20,"column":5}},"line":18}},"branchMap":{"0":{"loc":{"start":{"line":9,"column":8},"end":{"line":11,"column":9}},"type":"if","locations":[{"start":{"line":9,"column":8},"end":{"line":11,"column":9}},{"start":{},"end":{}}],"line":9}},"s":{"0":1,"1":1,"2":1,"3":1,"4":0,"5":1,"6":1},"f":{"0":1,"1":1,"2":0,"3":1},"b":{"0":[1,0]},"_coverageSchema":"1a1c01bbd47fc00a2c39e90264f33305004495a9","hash":"adb1e174e4847e0706a36f3761436c65733650ea"}
,"/Users/yulia/Desktop/MusoTestSoft/MusoSoftware/MusoTest/Test_MusoPlan/Musician.js": {"path":"/Users/yulia/Desktop/MusoTestSoft/MusoSoftware/MusoTest/Test_MusoPlan/Musician.js","statementMap":{"0":{"start":{"line":2,"column":9},"end":{"line":2,"column":31}},"1":{"start":{"line":3,"column":13},"end":{"line":3,"column":17}},"2":{"start":{"line":10,"column":8},"end":{"line":17,"column":9}},"3":{"start":{"line":12,"column":8},"end":{"line":12,"column":30}},"4":{"start":{"line":16,"column":12},"end":{"line":16,"column":98}},"5":{"start":{"line":20,"column":8},"end":{"line":20,"column":29}},"6":{"start":{"line":24,"column":8},"end":{"line":31,"column":9}},"7":{"start":{"line":26,"column":8},"end":{"line":26,"column":30}},"8":{"start":{"line":30,"column":12},"end":{"line":30,"column":67}},"9":{"start":{"line":35,"column":8},"end":{"line":35,"column":29}},"10":{"start":{"line":39,"column":8},"end":{"line":47,"column":9}},"11":{"start":{"line":41,"column":12},"end":{"line":41,"column":35}},"12":{"start":{"line":46,"column":12},"end":{"line":46,"column":60}},"13":{"start":{"line":52,"column":8},"end":{"line":52,"column":32}},"14":{"start":{"line":57,"column":8},"end":{"line":64,"column":9}},"15":{"start":{"line":59,"column":8},"end":{"line":59,"column":26}},"16":{"start":{"line":63,"column":12},"end":{"line":63,"column":56}},"17":{"start":{"line":69,"column":8},"end":{"line":69,"column":28}},"18":{"start":{"line":74,"column":21},"end":{"line":74,"column":36}},"19":{"start":{"line":75,"column":26},"end":{"line":75,"column":90}},"20":{"start":{"line":77,"column":8},"end":{"line":96,"column":9}},"21":{"start":{"line":79,"column":12},"end":{"line":79,"column":114}},"22":{"start":{"line":81,"column":13},"end":{"line":96,"column":9}},"23":{"start":{"line":83,"column":12},"end":{"line":83,"column":92}},"24":{"start":{"line":85,"column":13},"end":{"line":96,"column":9}},"25":{"start":{"line":87,"column":12},"end":{"line":87,"column":76}},"26":{"start":{"line":89,"column":13},"end":{"line":96,"column":9}},"27":{"start":{"line":91,"column":12},"end":{"line":91,"column":108}},"28":{"start":{"line":95,"column":11},"end":{"line":95,"column":54}},"29":{"start":{"line":104,"column":0},"end":{"line":104,"column":26}}},"fnMap":{"0":{"name":"(anonymous_0)","decl":{"start":{"line":8,"column":4},"end":{"line":8,"column":5}},"loc":{"start":{"line":9,"column":4},"end":{"line":18,"column":5}},"line":9},"1":{"name":"(anonymous_1)","decl":{"start":{"line":19,"column":4},"end":{"line":19,"column":5}},"loc":{"start":{"line":19,"column":17},"end":{"line":21,"column":5}},"line":19},"2":{"name":"(anonymous_2)","decl":{"start":{"line":22,"column":4},"end":{"line":22,"column":5}},"loc":{"start":{"line":23,"column":4},"end":{"line":32,"column":5}},"line":23},"3":{"name":"(anonymous_3)","decl":{"start":{"line":33,"column":4},"end":{"line":33,"column":5}},"loc":{"start":{"line":34,"column":4},"end":{"line":36,"column":5}},"line":34},"4":{"name":"(anonymous_4)","decl":{"start":{"line":37,"column":4},"end":{"line":37,"column":5}},"loc":{"start":{"line":38,"column":4},"end":{"line":48,"column":5}},"line":38},"5":{"name":"(anonymous_5)","decl":{"start":{"line":50,"column":4},"end":{"line":50,"column":5}},"loc":{"start":{"line":51,"column":4},"end":{"line":53,"column":5}},"line":51},"6":{"name":"(anonymous_6)","decl":{"start":{"line":55,"column":4},"end":{"line":55,"column":5}},"loc":{"start":{"line":56,"column":4},"end":{"line":65,"column":5}},"line":56},"7":{"name":"(anonymous_7)","decl":{"start":{"line":67,"column":4},"end":{"line":67,"column":5}},"loc":{"start":{"line":68,"column":4},"end":{"line":70,"column":5}},"line":68},"8":{"name":"(anonymous_8)","decl":{"start":{"line":71,"column":0},"end":{"line":71,"column":1}},"loc":{"start":{"line":71,"column":17},"end":{"line":99,"column":5}},"line":71}},"branchMap":{"0":{"loc":{"start":{"line":10,"column":8},"end":{"line":17,"column":9}},"type":"if","locations":[{"start":{"line":10,"column":8},"end":{"line":17,"column":9}},{"start":{"line":15,"column":8},"end":{"line":17,"column":9}}],"line":10},"1":{"loc":{"start":{"line":10,"column":11},"end":{"line":10,"column":50}},"type":"binary-expr","locations":[{"start":{"line":10,"column":11},"end":{"line":10,"column":28}},{"start":{"line":10,"column":32},"end":{"line":10,"column":50}}],"line":10},"2":{"loc":{"start":{"line":24,"column":8},"end":{"line":31,"column":9}},"type":"if","locations":[{"start":{"line":24,"column":8},"end":{"line":31,"column":9}},{"start":{"line":29,"column":8},"end":{"line":31,"column":9}}],"line":24},"3":{"loc":{"start":{"line":39,"column":8},"end":{"line":47,"column":9}},"type":"if","locations":[{"start":{"line":39,"column":8},"end":{"line":47,"column":9}},{"start":{"line":45,"column":8},"end":{"line":47,"column":9}}],"line":39},"4":{"loc":{"start":{"line":57,"column":8},"end":{"line":64,"column":9}},"type":"if","locations":[{"start":{"line":57,"column":8},"end":{"line":64,"column":9}},{"start":{"line":62,"column":8},"end":{"line":64,"column":9}}],"line":57},"5":{"loc":{"start":{"line":57,"column":12},"end":{"line":57,"column":101}},"type":"binary-expr","locations":[{"start":{"line":57,"column":12},"end":{"line":57,"column":31}},{"start":{"line":57,"column":35},"end":{"line":57,"column":52}},{"start":{"line":57,"column":56},"end":{"line":57,"column":79}},{"start":{"line":57,"column":83},"end":{"line":57,"column":101}}],"line":57},"6":{"loc":{"start":{"line":77,"column":8},"end":{"line":96,"column":9}},"type":"if","locations":[{"start":{"line":77,"column":8},"end":{"line":96,"column":9}},{"start":{"line":81,"column":13},"end":{"line":96,"column":9}}],"line":77},"7":{"loc":{"start":{"line":81,"column":13},"end":{"line":96,"column":9}},"type":"if","locations":[{"start":{"line":81,"column":13},"end":{"line":96,"column":9}},{"start":{"line":85,"column":13},"end":{"line":96,"column":9}}],"line":81},"8":{"loc":{"start":{"line":85,"column":13},"end":{"line":96,"column":9}},"type":"if","locations":[{"start":{"line":85,"column":13},"end":{"line":96,"column":9}},{"start":{"line":89,"column":13},"end":{"line":96,"column":9}}],"line":85},"9":{"loc":{"start":{"line":89,"column":13},"end":{"line":96,"column":9}},"type":"if","locations":[{"start":{"line":89,"column":13},"end":{"line":96,"column":9}},{"start":{"line":94,"column":8},"end":{"line":96,"column":9}}],"line":89}},"s":{"0":6,"1":6,"2":11,"3":9,"4":2,"5":3,"6":4,"7":2,"8":2,"9":2,"10":4,"11":3,"12":1,"13":3,"14":7,"15":5,"16":2,"17":6,"18":1,"19":1,"20":1,"21":0,"22":1,"23":1,"24":0,"25":0,"26":0,"27":0,"28":0,"29":6},"f":{"0":11,"1":3,"2":4,"3":2,"4":4,"5":3,"6":7,"7":6,"8":1},"b":{"0":[9,2],"1":[11,10],"2":[2,2],"3":[3,1],"4":[5,2],"5":[7,6,4,3],"6":[0,1],"7":[1,0],"8":[0,0],"9":[0,0]},"_coverageSchema":"1a1c01bbd47fc00a2c39e90264f33305004495a9","hash":"e855995074f593a2c413ddaf67c4bb76abccad7a"}
,"/Users/yulia/Desktop/MusoTestSoft/MusoSoftware/MusoTest/Test_MusoPlan/Percussionist.js": {"path":"/Users/yulia/Desktop/MusoTestSoft/MusoSoftware/MusoTest/Test_MusoPlan/Percussionist.js","statementMap":{"0":{"start":{"line":1,"column":17},"end":{"line":1,"column":41}},"1":{"start":{"line":5,"column":8},"end":{"line":5,"column":37}},"2":{"start":{"line":9,"column":8},"end":{"line":11,"column":9}},"3":{"start":{"line":10,"column":12},"end":{"line":10,"column":41}},"4":{"start":{"line":14,"column":4},"end":{"line":14,"column":27}},"5":{"start":{"line":17,"column":8},"end":{"line":17,"column":62}},"6":{"start":{"line":21,"column":0},"end":{"line":21,"column":31}}},"fnMap":{"0":{"name":"(anonymous_0)","decl":{"start":{"line":4,"column":4},"end":{"line":4,"column":5}},"loc":{"start":{"line":4,"column":41},"end":{"line":6,"column":5}},"line":4},"1":{"name":"(anonymous_1)","decl":{"start":{"line":8,"column":4},"end":{"line":8,"column":5}},"loc":{"start":{"line":8,"column":34},"end":{"line":12,"column":5}},"line":8},"2":{"name":"(anonymous_2)","decl":{"start":{"line":13,"column":4},"end":{"line":13,"column":5}},"loc":{"start":{"line":13,"column":23},"end":{"line":15,"column":5}},"line":13},"3":{"name":"(anonymous_3)","decl":{"start":{"line":16,"column":4},"end":{"line":16,"column":5}},"loc":{"start":{"line":16,"column":20},"end":{"line":18,"column":5}},"line":16}},"branchMap":{"0":{"loc":{"start":{"line":9,"column":8},"end":{"line":11,"column":9}},"type":"if","locations":[{"start":{"line":9,"column":8},"end":{"line":11,"column":9}},{"start":{},"end":{}}],"line":9}},"s":{"0":1,"1":1,"2":1,"3":1,"4":0,"5":1,"6":1},"f":{"0":1,"1":1,"2":0,"3":1},"b":{"0":[1,0]},"_coverageSchema":"1a1c01bbd47fc00a2c39e90264f33305004495a9","hash":"c2d9896331db158304d77280da157a1c3fe2e1c4"}
,"/Users/yulia/Desktop/MusoTestSoft/MusoSoftware/MusoTest/Test_MusoPlan/Troupe.js": {"path":"/Users/yulia/Desktop/MusoTestSoft/MusoSoftware/MusoTest/Test_MusoPlan/Troupe.js","statementMap":{"0":{"start":{"line":1,"column":19},"end":{"line":1,"column":44}},"1":{"start":{"line":5,"column":18},"end":{"line":5,"column":29}},"2":{"start":{"line":9,"column":8},"end":{"line":16,"column":9}},"3":{"start":{"line":11,"column":8},"end":{"line":11,"column":31}},"4":{"start":{"line":15,"column":12},"end":{"line":15,"column":97}},"5":{"start":{"line":20,"column":8},"end":{"line":20,"column":32}},"6":{"start":{"line":25,"column":8},"end":{"line":32,"column":9}},"7":{"start":{"line":27,"column":12},"end":{"line":27,"column":32}},"8":{"start":{"line":31,"column":12},"end":{"line":31,"column":74}},"9":{"start":{"line":36,"column":4},"end":{"line":36,"column":24}},"10":{"start":{"line":40,"column":8},"end":{"line":47,"column":9}},"11":{"start":{"line":42,"column":12},"end":{"line":42,"column":39}},"12":{"start":{"line":46,"column":9},"end":{"line":46,"column":67}},"13":{"start":{"line":51,"column":8},"end":{"line":51,"column":32}},"14":{"start":{"line":58,"column":8},"end":{"line":58,"column":40}},"15":{"start":{"line":64,"column":29},"end":{"line":64,"column":155}},"16":{"start":{"line":66,"column":8},"end":{"line":68,"column":9}},"17":{"start":{"line":66,"column":19},"end":{"line":66,"column":20}},"18":{"start":{"line":67,"column":12},"end":{"line":67,"column":200}},"19":{"start":{"line":69,"column":4},"end":{"line":69,"column":25}},"20":{"start":{"line":77,"column":0},"end":{"line":77,"column":24}}},"fnMap":{"0":{"name":"(anonymous_0)","decl":{"start":{"line":7,"column":4},"end":{"line":7,"column":5}},"loc":{"start":{"line":8,"column":4},"end":{"line":17,"column":5}},"line":8},"1":{"name":"(anonymous_1)","decl":{"start":{"line":18,"column":4},"end":{"line":18,"column":5}},"loc":{"start":{"line":19,"column":4},"end":{"line":21,"column":5}},"line":19},"2":{"name":"(anonymous_2)","decl":{"start":{"line":23,"column":4},"end":{"line":23,"column":5}},"loc":{"start":{"line":24,"column":4},"end":{"line":33,"column":5}},"line":24},"3":{"name":"(anonymous_3)","decl":{"start":{"line":34,"column":4},"end":{"line":34,"column":5}},"loc":{"start":{"line":35,"column":4},"end":{"line":37,"column":5}},"line":35},"4":{"name":"(anonymous_4)","decl":{"start":{"line":38,"column":4},"end":{"line":38,"column":5}},"loc":{"start":{"line":39,"column":4},"end":{"line":48,"column":5}},"line":39},"5":{"name":"(anonymous_5)","decl":{"start":{"line":49,"column":4},"end":{"line":49,"column":5}},"loc":{"start":{"line":50,"column":4},"end":{"line":52,"column":5}},"line":50},"6":{"name":"(anonymous_6)","decl":{"start":{"line":57,"column":4},"end":{"line":57,"column":5}},"loc":{"start":{"line":57,"column":25},"end":{"line":59,"column":5}},"line":57},"7":{"name":"(anonymous_7)","decl":{"start":{"line":63,"column":4},"end":{"line":63,"column":5}},"loc":{"start":{"line":63,"column":19},"end":{"line":71,"column":5}},"line":63}},"branchMap":{"0":{"loc":{"start":{"line":9,"column":8},"end":{"line":16,"column":9}},"type":"if","locations":[{"start":{"line":9,"column":8},"end":{"line":16,"column":9}},{"start":{"line":14,"column":8},"end":{"line":16,"column":9}}],"line":9},"1":{"loc":{"start":{"line":9,"column":11},"end":{"line":9,"column":46}},"type":"binary-expr","locations":[{"start":{"line":9,"column":11},"end":{"line":9,"column":26}},{"start":{"line":9,"column":30},"end":{"line":9,"column":46}}],"line":9},"2":{"loc":{"start":{"line":25,"column":8},"end":{"line":32,"column":9}},"type":"if","locations":[{"start":{"line":25,"column":8},"end":{"line":32,"column":9}},{"start":{"line":30,"column":8},"end":{"line":32,"column":9}}],"line":25},"3":{"loc":{"start":{"line":25,"column":12},"end":{"line":25,"column":67}},"type":"binary-expr","locations":[{"start":{"line":25,"column":12},"end":{"line":25,"column":28}},{"start":{"line":25,"column":32},"end":{"line":25,"column":47}},{"start":{"line":25,"column":51},"end":{"line":25,"column":67}}],"line":25},"4":{"loc":{"start":{"line":40,"column":8},"end":{"line":47,"column":9}},"type":"if","locations":[{"start":{"line":40,"column":8},"end":{"line":47,"column":9}},{"start":{"line":45,"column":8},"end":{"line":47,"column":9}}],"line":40},"5":{"loc":{"start":{"line":40,"column":12},"end":{"line":40,"column":42}},"type":"binary-expr","locations":[{"start":{"line":40,"column":12},"end":{"line":40,"column":26}},{"start":{"line":40,"column":30},"end":{"line":40,"column":42}}],"line":40}},"s":{"0":1,"1":15,"2":8,"3":6,"4":2,"5":1,"6":3,"7":2,"8":1,"9":1,"10":6,"11":4,"12":2,"13":3,"14":6,"15":1,"16":1,"17":1,"18":1,"19":1,"20":1},"f":{"0":8,"1":1,"2":3,"3":1,"4":6,"5":3,"6":6,"7":1},"b":{"0":[6,2],"1":[8,7],"2":[2,1],"3":[3,3,1],"4":[4,2],"5":[6,5]},"_coverageSchema":"1a1c01bbd47fc00a2c39e90264f33305004495a9","hash":"a38a7dccf1eb3c52516e903ba87ad9e480c5248c"}
}
