TN:
SF:Bassist.js
FN:4,(anonymous_0)
FN:7,(anonymous_1)
FN:12,(anonymous_2)
FN:15,(anonymous_3)
FNF:4
FNH:3
FNDA:1,(anonymous_0)
FNDA:1,(anonymous_1)
FNDA:0,(anonymous_2)
FNDA:1,(anonymous_3)
DA:1,1
DA:5,1
DA:8,1
DA:9,1
DA:13,0
DA:16,1
DA:21,1
LF:7
LH:6
BRDA:8,0,0,1
BRDA:8,0,1,0
BRF:2
BRH:1
end_of_record
TN:
SF:Flautist.js
FN:3,(anonymous_0)
FN:6,(anonymous_1)
FN:11,(anonymous_2)
FN:15,(anonymous_3)
FNF:4
FNH:3
FNDA:1,(anonymous_0)
FNDA:1,(anonymous_1)
FNDA:0,(anonymous_2)
FNDA:1,(anonymous_3)
DA:1,1
DA:4,1
DA:7,1
DA:8,1
DA:12,0
DA:16,1
DA:20,1
LF:7
LH:6
BRDA:7,0,0,1
BRDA:7,0,1,0
BRF:2
BRH:1
end_of_record
TN:
SF:Guitarist.js
FN:4,(anonymous_0)
FN:8,(anonymous_1)
FN:13,(anonymous_2)
FN:18,(anonymous_3)
FNF:4
FNH:3
FNDA:1,(anonymous_0)
FNDA:1,(anonymous_1)
FNDA:0,(anonymous_2)
FNDA:1,(anonymous_3)
DA:1,1
DA:5,1
DA:9,1
DA:10,1
DA:15,0
DA:19,1
DA:25,1
LF:7
LH:6
BRDA:9,0,0,1
BRDA:9,0,1,0
BRF:2
BRH:1
end_of_record
TN:
SF:Musician.js
FN:8,(anonymous_0)
FN:19,(anonymous_1)
FN:22,(anonymous_2)
FN:33,(anonymous_3)
FN:37,(anonymous_4)
FN:50,(anonymous_5)
FN:55,(anonymous_6)
FN:67,(anonymous_7)
FN:71,(anonymous_8)
FNF:9
FNH:9
FNDA:11,(anonymous_0)
FNDA:3,(anonymous_1)
FNDA:4,(anonymous_2)
FNDA:2,(anonymous_3)
FNDA:4,(anonymous_4)
FNDA:3,(anonymous_5)
FNDA:7,(anonymous_6)
FNDA:6,(anonymous_7)
FNDA:1,(anonymous_8)
DA:2,6
DA:3,6
DA:10,11
DA:12,9
DA:16,2
DA:20,3
DA:24,4
DA:26,2
DA:30,2
DA:35,2
DA:39,4
DA:41,3
DA:46,1
DA:52,3
DA:57,7
DA:59,5
DA:63,2
DA:69,6
DA:74,1
DA:75,1
DA:77,1
DA:79,0
DA:81,1
DA:83,1
DA:85,0
DA:87,0
DA:89,0
DA:91,0
DA:95,0
DA:104,6
LF:30
LH:24
BRDA:10,0,0,9
BRDA:10,0,1,2
BRDA:10,1,0,11
BRDA:10,1,1,10
BRDA:24,2,0,2
BRDA:24,2,1,2
BRDA:39,3,0,3
BRDA:39,3,1,1
BRDA:57,4,0,5
BRDA:57,4,1,2
BRDA:57,5,0,7
BRDA:57,5,1,6
BRDA:57,5,2,4
BRDA:57,5,3,3
BRDA:77,6,0,0
BRDA:77,6,1,1
BRDA:81,7,0,1
BRDA:81,7,1,0
BRDA:85,8,0,0
BRDA:85,8,1,0
BRDA:89,9,0,0
BRDA:89,9,1,0
BRF:22
BRH:16
end_of_record
TN:
SF:Percussionist.js
FN:4,(anonymous_0)
FN:8,(anonymous_1)
FN:13,(anonymous_2)
FN:16,(anonymous_3)
FNF:4
FNH:3
FNDA:1,(anonymous_0)
FNDA:1,(anonymous_1)
FNDA:0,(anonymous_2)
FNDA:1,(anonymous_3)
DA:1,1
DA:5,1
DA:9,1
DA:10,1
DA:14,0
DA:17,1
DA:21,1
LF:7
LH:6
BRDA:9,0,0,1
BRDA:9,0,1,0
BRF:2
BRH:1
end_of_record
TN:
SF:Troupe.js
FN:7,(anonymous_0)
FN:18,(anonymous_1)
FN:23,(anonymous_2)
FN:34,(anonymous_3)
FN:38,(anonymous_4)
FN:49,(anonymous_5)
FN:57,(anonymous_6)
FN:63,(anonymous_7)
FNF:8
FNH:8
FNDA:8,(anonymous_0)
FNDA:1,(anonymous_1)
FNDA:3,(anonymous_2)
FNDA:1,(anonymous_3)
FNDA:6,(anonymous_4)
FNDA:3,(anonymous_5)
FNDA:6,(anonymous_6)
FNDA:1,(anonymous_7)
DA:1,1
DA:5,15
DA:9,8
DA:11,6
DA:15,2
DA:20,1
DA:25,3
DA:27,2
DA:31,1
DA:36,1
DA:40,6
DA:42,4
DA:46,2
DA:51,3
DA:58,6
DA:64,1
DA:66,1
DA:67,1
DA:69,1
DA:77,1
LF:20
LH:20
BRDA:9,0,0,6
BRDA:9,0,1,2
BRDA:9,1,0,8
BRDA:9,1,1,7
BRDA:25,2,0,2
BRDA:25,2,1,1
BRDA:25,3,0,3
BRDA:25,3,1,3
BRDA:25,3,2,1
BRDA:40,4,0,4
BRDA:40,4,1,2
BRDA:40,5,0,6
BRDA:40,5,1,5
BRF:13
BRH:13
end_of_record
